<explain>
    <script  src="{{ .Site.BaseURL }}/js/termynal.js"></script>
    <div id="termynal" data-termynal data-termynal data-ty-typeDelay="40" data-ty-lineDelay="70"><span data-ty="input">jdbc:hive2://localhost:10001/> explain select * from test;</span>

        <span data-ty>+---------------------------------------------+</span>
        <span data-ty>                     Explain                      </span></span>
        <span data-ty>+---------------------------------------------+</span>
        <span data-ty>STAGE DEPENDENCIES:                               </span>
        <span data-ty>  Stage-0 is a root stage                         </span>
        <span data-ty>STAGE PLANS:                                      </span>
        <span data-ty>  Stage: Stage-0                                  </span>
        <span data-ty>    Fetch Operator                                </span>
        <span data-ty>      limit: -1                                   </span>
        <span data-ty>      Processor Tree:                             </span>
        <span data-ty>        TableScan                                 </span>
        <span data-ty>          alias: test                        </span>
        <span data-ty>          Statistics: Num rows: 16 Data size: 2880 Basic stats: COMPLETE Column stats: NONE</span>
        <span data-ty>          Select Operator                         </span>
        <span data-ty>            expressions: id (type: int), name (type: string), intid (type: int)</span>
        <span data-ty>            outputColumnNames: _col0, _col1, _col2</span>
        <span data-ty>            Statistics: Num rows: 16 Data size: 2880 Basic stats: COMPLETE Column stats: NONE</span>
        <span data-ty>            ListSink                              </span>
        <span data-ty>+---------------------------------------------+</span>
    </div>
</explain>